<?xml version="1.0" encoding="UTF-8"?>
<testsuite xmlns:xsi="http://www.w3.org/2001/XMLSchema-instance" xsi:noNamespaceSchemaLocation="https://maven.apache.org/surefire/maven-surefire-plugin/xsd/surefire-test-report-3.0.xsd" version="3.0" name="BlogPostAssignment.db.BlogPostDaoTest" time="0.296" tests="7" errors="0" skipped="0" failures="0">
  <properties>
[...]
</properties>
  <testcase name="searchBlogPosts" classname="BlogPostAssignment.db.BlogPostDaoTest" time="0.239"/>
  <testcase name="getAllBlogPosts" classname="BlogPostAssignment.db.BlogPostDaoTest" time="0.01"/>
  <testcase name="getBlogPostById" classname="BlogPostAssignment.db.BlogPostDaoTest" time="0.01"/>
  <testcase name="createBlogPost" classname="BlogPostAssignment.db.BlogPostDaoTest" time="0.008"/>
  <testcase name="updateBlogPostContent" classname="BlogPostAssignment.db.BlogPostDaoTest" time="0.009"/>
  <testcase name="updateBlogPostTitle" classname="BlogPostAssignment.db.BlogPostDaoTest" time="0.009"/>
  <testcase name="deleteBlogPost" classname="BlogPostAssignment.db.BlogPostDaoTest" time="0.008"/>
</testsuite>